  Bits.cpp
G:\Pasha\Программирование\Проект\QRCode\Bits.cpp(1,1): warning C4828: Файл содержит знак, начинающийся со смещения 0x1158, который является недопустимым в текущей исходной кодировке (кодовая страница 65001).
G:\Pasha\Программирование\Проект\QRCode\Bits.cpp(1,1): warning C4828: Файл содержит знак, начинающийся со смещения 0x115c, который является недопустимым в текущей исходной кодировке (кодовая страница 65001).
G:\Pasha\Программирование\Проект\QRCode\Bits.cpp(1,1): warning C4828: Файл содержит знак, начинающийся со смещения 0x115f, который является недопустимым в текущей исходной кодировке (кодовая страница 65001).
G:\Pasha\Программирование\Проект\QRCode\Bits.cpp(1,1): warning C4828: Файл содержит знак, начинающийся со смещения 0x1162, который является недопустимым в текущей исходной кодировке (кодовая страница 65001).
G:\Pasha\Программирование\Проект\QRCode\Bits.cpp(1,1): warning C4828: Файл содержит знак, начинающийся со смещения 0x1165, который является недопустимым в текущей исходной кодировке (кодовая страница 65001).
G:\Pasha\Программирование\Проект\QRCode\Bits.cpp(1,1): warning C4828: Файл содержит знак, начинающийся со смещения 0x1168, который является недопустимым в текущей исходной кодировке (кодовая страница 65001).
G:\Pasha\Программирование\Проект\QRCode\Bits.cpp(1,1): warning C4828: Файл содержит знак, начинающийся со смещения 0x116b, который является недопустимым в текущей исходной кодировке (кодовая страница 65001).
G:\Pasha\Программирование\Проект\QRCode\Bits.cpp(1,1): warning C4828: Файл содержит знак, начинающийся со смещения 0x116f, который является недопустимым в текущей исходной кодировке (кодовая страница 65001).
G:\Pasha\Программирование\Проект\QRCode\Bits.h(1,1): warning C4828: Файл содержит знак, начинающийся со смещения 0xea, который является недопустимым в текущей исходной кодировке (кодовая страница 65001).
G:\Pasha\Программирование\Проект\QRCode\Bits.h(1,1): warning C4828: Файл содержит знак, начинающийся со смещения 0xee, который является недопустимым в текущей исходной кодировке (кодовая страница 65001).
G:\Pasha\Программирование\Проект\QRCode\Bits.h(1,1): warning C4828: Файл содержит знак, начинающийся со смещения 0xf2, который является недопустимым в текущей исходной кодировке (кодовая страница 65001).
G:\Pasha\Программирование\Проект\QRCode\Bits.h(1,1): warning C4828: Файл содержит знак, начинающийся со смещения 0xf5, который является недопустимым в текущей исходной кодировке (кодовая страница 65001).
G:\Pasha\Программирование\Проект\QRCode\Bits.h(1,1): warning C4828: Файл содержит знак, начинающийся со смещения 0xf9, который является недопустимым в текущей исходной кодировке (кодовая страница 65001).
G:\Pasha\Программирование\Проект\QRCode\Bits.h(1,1): warning C4828: Файл содержит знак, начинающийся со смещения 0x12c, который является недопустимым в текущей исходной кодировке (кодовая страница 65001).
G:\Pasha\Программирование\Проект\QRCode\Bits.h(1,1): warning C4828: Файл содержит знак, начинающийся со смещения 0x130, который является недопустимым в текущей исходной кодировке (кодовая страница 65001).
G:\Pasha\Программирование\Проект\QRCode\Bits.h(1,1): warning C4828: Файл содержит знак, начинающийся со смещения 0x133, который является недопустимым в текущей исходной кодировке (кодовая страница 65001).
G:\Pasha\Программирование\Проект\QRCode\Bits.h(1,1): warning C4828: Файл содержит знак, начинающийся со смещения 0x136, который является недопустимым в текущей исходной кодировке (кодовая страница 65001).
G:\Pasha\Программирование\Проект\QRCode\Bits.h(1,1): warning C4828: Файл содержит знак, начинающийся со смещения 0x139, который является недопустимым в текущей исходной кодировке (кодовая страница 65001).
G:\Pasha\Программирование\Проект\QRCode\Bits.h(1,1): warning C4828: Файл содержит знак, начинающийся со смещения 0x13c, который является недопустимым в текущей исходной кодировке (кодовая страница 65001).
G:\Pasha\Программирование\Проект\QRCode\Bits.h(1,1): warning C4828: Файл содержит знак, начинающийся со смещения 0x161, который является недопустимым в текущей исходной кодировке (кодовая страница 65001).
G:\Pasha\Программирование\Проект\QRCode\Bits.h(1,1): warning C4828: Файл содержит знак, начинающийся со смещения 0x164, который является недопустимым в текущей исходной кодировке (кодовая страница 65001).
G:\Pasha\Программирование\Проект\QRCode\Bits.h(1,1): warning C4828: Файл содержит знак, начинающийся со смещения 0x167, который является недопустимым в текущей исходной кодировке (кодовая страница 65001).
G:\Pasha\Программирование\Проект\QRCode\Bits.h(1,1): warning C4828: Файл содержит знак, начинающийся со смещения 0x16a, который является недопустимым в текущей исходной кодировке (кодовая страница 65001).
G:\Pasha\Программирование\Проект\QRCode\Bits.h(1,1): warning C4828: Файл содержит знак, начинающийся со смещения 0x16d, который является недопустимым в текущей исходной кодировке (кодовая страница 65001).
G:\Pasha\Программирование\Проект\QRCode\Bits.h(1,1): warning C4828: Файл содержит знак, начинающийся со смещения 0x198, который является недопустимым в текущей исходной кодировке (кодовая страница 65001).
G:\Pasha\Программирование\Проект\QRCode\Bits.h(1,1): warning C4828: Файл содержит знак, начинающийся со смещения 0x19b, который является недопустимым в текущей исходной кодировке (кодовая страница 65001).
G:\Pasha\Программирование\Проект\QRCode\Bits.h(1,1): warning C4828: Файл содержит знак, начинающийся со смещения 0x19e, который является недопустимым в текущей исходной кодировке (кодовая страница 65001).
G:\Pasha\Программирование\Проект\QRCode\Bits.h(1,1): warning C4828: Файл содержит знак, начинающийся со смещения 0x1a1, который является недопустимым в текущей исходной кодировке (кодовая страница 65001).
G:\Pasha\Программирование\Проект\QRCode\Bits.h(1,1): warning C4828: Файл содержит знак, начинающийся со смещения 0x1a4, который является недопустимым в текущей исходной кодировке (кодовая страница 65001).
G:\Pasha\Программирование\Проект\QRCode\Bits.h(1,1): warning C4828: Файл содержит знак, начинающийся со смещения 0x1a7, который является недопустимым в текущей исходной кодировке (кодовая страница 65001).
G:\Pasha\Программирование\Проект\QRCode\Bits.h(1,1): warning C4828: Файл содержит знак, начинающийся со смещения 0x1aa, который является недопустимым в текущей исходной кодировке (кодовая страница 65001).
G:\Pasha\Программирование\Проект\QRCode\Bits.h(1,1): warning C4828: Файл содержит знак, начинающийся со смещения 0x1cb, который является недопустимым в текущей исходной кодировке (кодовая страница 65001).
G:\Pasha\Программирование\Проект\QRCode\Bits.h(1,1): warning C4828: Файл содержит знак, начинающийся со смещения 0x1ce, который является недопустимым в текущей исходной кодировке (кодовая страница 65001).
G:\Pasha\Программирование\Проект\QRCode\Bits.h(1,1): warning C4828: Файл содержит знак, начинающийся со смещения 0x1f8, который является недопустимым в текущей исходной кодировке (кодовая страница 65001).
G:\Pasha\Программирование\Проект\QRCode\Bits.h(1,1): warning C4828: Файл содержит знак, начинающийся со смещения 0x1fb, который является недопустимым в текущей исходной кодировке (кодовая страница 65001).
G:\Pasha\Программирование\Проект\QRCode\Bits.h(1,1): warning C4828: Файл содержит знак, начинающийся со смещения 0x1fe, который является недопустимым в текущей исходной кодировке (кодовая страница 65001).
G:\Pasha\Программирование\Проект\QRCode\Bits.h(1,1): warning C4828: Файл содержит знак, начинающийся со смещения 0x202, который является недопустимым в текущей исходной кодировке (кодовая страница 65001).
G:\Pasha\Программирование\Проект\QRCode\Bits.h(1,1): warning C4828: Файл содержит знак, начинающийся со смещения 0x205, который является недопустимым в текущей исходной кодировке (кодовая страница 65001).
G:\Pasha\Программирование\Проект\QRCode\Bits.h(1,1): warning C4828: Файл содержит знак, начинающийся со смещения 0x208, который является недопустимым в текущей исходной кодировке (кодовая страница 65001).
G:\Pasha\Программирование\Проект\QRCode\Bits.h(1,1): warning C4828: Файл содержит знак, начинающийся со смещения 0x20b, который является недопустимым в текущей исходной кодировке (кодовая страница 65001).
G:\Pasha\Программирование\Проект\QRCode\Bits.h(1,1): warning C4828: Файл содержит знак, начинающийся со смещения 0x20e, который является недопустимым в текущей исходной кодировке (кодовая страница 65001).
G:\Pasha\Программирование\Проект\QRCode\Bits.h(1,1): warning C4828: Файл содержит знак, начинающийся со смещения 0x23a, который является недопустимым в текущей исходной кодировке (кодовая страница 65001).
G:\Pasha\Программирование\Проект\QRCode\Bits.h(1,1): warning C4828: Файл содержит знак, начинающийся со смещения 0x23d, который является недопустимым в текущей исходной кодировке (кодовая страница 65001).
G:\Pasha\Программирование\Проект\QRCode\Bits.h(1,1): warning C4828: Файл содержит знак, начинающийся со смещения 0x240, который является недопустимым в текущей исходной кодировке (кодовая страница 65001).
G:\Pasha\Программирование\Проект\QRCode\Bits.h(1,1): warning C4828: Файл содержит знак, начинающийся со смещения 0x245, который является недопустимым в текущей исходной кодировке (кодовая страница 65001).
G:\Pasha\Программирование\Проект\QRCode\Bits.h(1,1): warning C4828: Файл содержит знак, начинающийся со смещения 0x248, который является недопустимым в текущей исходной кодировке (кодовая страница 65001).
G:\Pasha\Программирование\Проект\QRCode\Bits.h(1,1): warning C4828: Файл содержит знак, начинающийся со смещения 0x24b, который является недопустимым в текущей исходной кодировке (кодовая страница 65001).
G:\Pasha\Программирование\Проект\QRCode\Bits.h(1,1): warning C4828: Файл содержит знак, начинающийся со смещения 0x24e, который является недопустимым в текущей исходной кодировке (кодовая страница 65001).
G:\Pasha\Программирование\Проект\QRCode\Bits.h(1,1): warning C4828: Файл содержит знак, начинающийся со смещения 0x251, который является недопустимым в текущей исходной кодировке (кодовая страница 65001).
G:\Pasha\Программирование\Проект\QRCode\Bits.h(1,1): warning C4828: Файл содержит знак, начинающийся со смещения 0x275, который является недопустимым в текущей исходной кодировке (кодовая страница 65001).
G:\Pasha\Программирование\Проект\QRCode\Bits.h(1,1): warning C4828: Файл содержит знак, начинающийся со смещения 0x279, который является недопустимым в текущей исходной кодировке (кодовая страница 65001).
G:\Pasha\Программирование\Проект\QRCode\Bits.h(1,1): warning C4828: Файл содержит знак, начинающийся со смещения 0x27e, который является недопустимым в текущей исходной кодировке (кодовая страница 65001).
G:\Pasha\Программирование\Проект\QRCode\Bits.h(1,1): warning C4828: Файл содержит знак, начинающийся со смещения 0x281, который является недопустимым в текущей исходной кодировке (кодовая страница 65001).
G:\Pasha\Программирование\Проект\QRCode\Bits.h(1,1): warning C4828: Файл содержит знак, начинающийся со смещения 0x284, который является недопустимым в текущей исходной кодировке (кодовая страница 65001).
G:\Pasha\Программирование\Проект\QRCode\Bits.h(1,1): warning C4828: Файл содержит знак, начинающийся со смещения 0x288, который является недопустимым в текущей исходной кодировке (кодовая страница 65001).
G:\Pasha\Программирование\Проект\QRCode\Bits.h(1,1): warning C4828: Файл содержит знак, начинающийся со смещения 0x28b, который является недопустимым в текущей исходной кодировке (кодовая страница 65001).
G:\Pasha\Программирование\Проект\QRCode\Bits.h(1,1): warning C4828: Файл содержит знак, начинающийся со смещения 0x28e, который является недопустимым в текущей исходной кодировке (кодовая страница 65001).
G:\Pasha\Программирование\Проект\QRCode\Bits.h(1,1): warning C4828: Файл содержит знак, начинающийся со смещения 0x292, который является недопустимым в текущей исходной кодировке (кодовая страница 65001).
G:\Pasha\Программирование\Проект\QRCode\Bits.h(1,1): warning C4828: Файл содержит знак, начинающийся со смещения 0x295, который является недопустимым в текущей исходной кодировке (кодовая страница 65001).
G:\Pasha\Программирование\Проект\QRCode\Bits.h(1,1): warning C4828: Файл содержит знак, начинающийся со смещения 0x298, который является недопустимым в текущей исходной кодировке (кодовая страница 65001).
G:\Pasha\Программирование\Проект\QRCode\Bits.h(1,1): warning C4828: Файл содержит знак, начинающийся со смещения 0x29c, который является недопустимым в текущей исходной кодировке (кодовая страница 65001).
G:\Pasha\Программирование\Проект\QRCode\Bits.h(1,1): warning C4828: Файл содержит знак, начинающийся со смещения 0x2e7, который является недопустимым в текущей исходной кодировке (кодовая страница 65001).
G:\Pasha\Программирование\Проект\QRCode\Bits.h(1,1): warning C4828: Файл содержит знак, начинающийся со смещения 0x2ea, который является недопустимым в текущей исходной кодировке (кодовая страница 65001).
G:\Pasha\Программирование\Проект\QRCode\Bits.h(1,1): warning C4828: Файл содержит знак, начинающийся со смещения 0x2ed, который является недопустимым в текущей исходной кодировке (кодовая страница 65001).
G:\Pasha\Программирование\Проект\QRCode\Bits.h(1,1): warning C4828: Файл содержит знак, начинающийся со смещения 0x2ee, который является недопустимым в текущей исходной кодировке (кодовая страница 65001).
G:\Pasha\Программирование\Проект\QRCode\Bits.h(1,1): warning C4828: Файл содержит знак, начинающийся со смещения 0x2ef, который является недопустимым в текущей исходной кодировке (кодовая страница 65001).
G:\Pasha\Программирование\Проект\QRCode\Bits.h(1,1): warning C4828: Файл содержит знак, начинающийся со смещения 0x2f0, который является недопустимым в текущей исходной кодировке (кодовая страница 65001).
G:\Pasha\Программирование\Проект\QRCode\Bits.h(1,1): warning C4828: Файл содержит знак, начинающийся со смещения 0x2f4, который является недопустимым в текущей исходной кодировке (кодовая страница 65001).
G:\Pasha\Программирование\Проект\QRCode\Bits.h(1,1): warning C4828: Файл содержит знак, начинающийся со смещения 0x2f7, который является недопустимым в текущей исходной кодировке (кодовая страница 65001).
G:\Pasha\Программирование\Проект\QRCode\Bits.h(1,1): warning C4828: Файл содержит знак, начинающийся со смещения 0x31b, который является недопустимым в текущей исходной кодировке (кодовая страница 65001).
G:\Pasha\Программирование\Проект\QRCode\Bits.h(1,1): warning C4828: Файл содержит знак, начинающийся со смещения 0x31e, который является недопустимым в текущей исходной кодировке (кодовая страница 65001).
G:\Pasha\Программирование\Проект\QRCode\Bits.h(1,1): warning C4828: Файл содержит знак, начинающийся со смещения 0x31f, который является недопустимым в текущей исходной кодировке (кодовая страница 65001).
G:\Pasha\Программирование\Проект\QRCode\Bits.h(1,1): warning C4828: Файл содержит знак, начинающийся со смещения 0x322, который является недопустимым в текущей исходной кодировке (кодовая страница 65001).
G:\Pasha\Программирование\Проект\QRCode\Bits.h(1,1): warning C4828: Файл содержит знак, начинающийся со смещения 0x325, который является недопустимым в текущей исходной кодировке (кодовая страница 65001).
G:\Pasha\Программирование\Проект\QRCode\Bits.h(1,1): warning C4828: Файл содержит знак, начинающийся со смещения 0x32a, который является недопустимым в текущей исходной кодировке (кодовая страница 65001).
G:\Pasha\Программирование\Проект\QRCode\Bits.h(1,1): warning C4828: Файл содержит знак, начинающийся со смещения 0x32e, который является недопустимым в текущей исходной кодировке (кодовая страница 65001).
G:\Pasha\Программирование\Проект\QRCode\Bits.h(1,1): warning C4828: Файл содержит знак, начинающийся со смещения 0x331, который является недопустимым в текущей исходной кодировке (кодовая страница 65001).
G:\Pasha\Программирование\Проект\QRCode\Bits.h(1,1): warning C4828: Файл содержит знак, начинающийся со смещения 0x334, который является недопустимым в текущей исходной кодировке (кодовая страница 65001).
G:\Pasha\Программирование\Проект\QRCode\Bits.h(1,1): warning C4828: Файл содержит знак, начинающийся со смещения 0x337, который является недопустимым в текущей исходной кодировке (кодовая страница 65001).
G:\Pasha\Программирование\Проект\QRCode\Bits.h(1,1): warning C4828: Файл содержит знак, начинающийся со смещения 0x33a, который является недопустимым в текущей исходной кодировке (кодовая страница 65001).
G:\Pasha\Программирование\Проект\QRCode\Bits.h(1,1): warning C4828: Файл содержит знак, начинающийся со смещения 0x33d, который является недопустимым в текущей исходной кодировке (кодовая страница 65001).
G:\Pasha\Программирование\Проект\QRCode\Bits.h(1,1): warning C4828: Файл содержит знак, начинающийся со смещения 0x341, который является недопустимым в текущей исходной кодировке (кодовая страница 65001).
G:\Pasha\Программирование\Проект\QRCode\Bits.h(1,1): warning C4828: Файл содержит знак, начинающийся со смещения 0x345, который является недопустимым в текущей исходной кодировке (кодовая страница 65001).
G:\Pasha\Программирование\Проект\QRCode\Bits.h(1,1): warning C4828: Файл содержит знак, начинающийся со смещения 0x346, который является недопустимым в текущей исходной кодировке (кодовая страница 65001).
G:\Pasha\Программирование\Проект\QRCode\Bits.h(1,1): warning C4828: Файл содержит знак, начинающийся со смещения 0x349, который является недопустимым в текущей исходной кодировке (кодовая страница 65001).
G:\Pasha\Программирование\Проект\QRCode\Bits.h(1,1): warning C4828: Файл содержит знак, начинающийся со смещения 0x34d, который является недопустимым в текущей исходной кодировке (кодовая страница 65001).
G:\Pasha\Программирование\Проект\QRCode\Bits.h(1,1): warning C4828: Файл содержит знак, начинающийся со смещения 0x350, который является недопустимым в текущей исходной кодировке (кодовая страница 65001).
G:\Pasha\Программирование\Проект\QRCode\Bits.h(1,1): warning C4828: Файл содержит знак, начинающийся со смещения 0x353, который является недопустимым в текущей исходной кодировке (кодовая страница 65001).
G:\Pasha\Программирование\Проект\QRCode\Bits.h(1,1): warning C4828: Файл содержит знак, начинающийся со смещения 0x354, который является недопустимым в текущей исходной кодировке (кодовая страница 65001).
G:\Pasha\Программирование\Проект\QRCode\Bits.h(1,1): warning C4828: Файл содержит знак, начинающийся со смещения 0x355, который является недопустимым в текущей исходной кодировке (кодовая страница 65001).
G:\Pasha\Программирование\Проект\QRCode\Bits.h(1,1): warning C4828: Файл содержит знак, начинающийся со смещения 0x356, который является недопустимым в текущей исходной кодировке (кодовая страница 65001).
G:\Pasha\Программирование\Проект\QRCode\Bits.h(1,1): warning C4828: Файл содержит знак, начинающийся со смещения 0x359, который является недопустимым в текущей исходной кодировке (кодовая страница 65001).
G:\Pasha\Программирование\Проект\QRCode\Bits.h(1,1): warning C4828: Файл содержит знак, начинающийся со смещения 0x35c, который является недопустимым в текущей исходной кодировке (кодовая страница 65001).
G:\Pasha\Программирование\Проект\QRCode\Bits.h(1,1): warning C4828: Файл содержит знак, начинающийся со смещения 0x386, который является недопустимым в текущей исходной кодировке (кодовая страница 65001).
G:\Pasha\Программирование\Проект\QRCode\Bits.h(1,1): warning C4828: Файл содержит знак, начинающийся со смещения 0x389, который является недопустимым в текущей исходной кодировке (кодовая страница 65001).
G:\Pasha\Программирование\Проект\QRCode\Bits.h(1,1): warning C4828: Файл содержит знак, начинающийся со смещения 0x38c, который является недопустимым в текущей исходной кодировке (кодовая страница 65001).
G:\Pasha\Программирование\Проект\QRCode\Bits.h(1,1): warning C4828: Файл содержит знак, начинающийся со смещения 0x38f, который является недопустимым в текущей исходной кодировке (кодовая страница 65001).
G:\Pasha\Программирование\Проект\QRCode\Bits.h(1,1): warning C4828: Файл содержит знак, начинающийся со смещения 0x392, который является недопустимым в текущей исходной кодировке (кодовая страница 65001).
G:\Pasha\Программирование\Проект\QRCode\Bits.h(1,1): warning C4828: Файл содержит знак, начинающийся со смещения 0x395, который является недопустимым в текущей исходной кодировке (кодовая страница 65001).
G:\Pasha\Программирование\Проект\QRCode\Bits.h(1,1): warning C4828: Файл содержит знак, начинающийся со смещения 0x398, который является недопустимым в текущей исходной кодировке (кодовая страница 65001).
G:\Pasha\Программирование\Проект\QRCode\Bits.h(1,1): warning C4828: Файл содержит знак, начинающийся со смещения 0x39c, который является недопустимым в текущей исходной кодировке (кодовая страница 65001).
G:\Pasha\Программирование\Проект\QRCode\Bits.h(1,1): warning C4828: Файл содержит знак, начинающийся со смещения 0x39f, который является недопустимым в текущей исходной кодировке (кодовая страница 65001).
G:\Pasha\Программирование\Проект\QRCode\Bits.h(1,1): warning C4828: Файл содержит знак, начинающийся со смещения 0x3a2, который является недопустимым в текущей исходной кодировке (кодовая страница 65001).
G:\Pasha\Программирование\Проект\QRCode\Bits.h(1,1): warning C4828: Файл содержит знак, начинающийся со смещения 0x3a5, который является недопустимым в текущей исходной кодировке (кодовая страница 65001).
G:\Pasha\Программирование\Проект\QRCode\Bits.h(1,1): warning C4828: Файл содержит знак, начинающийся со смещения 0x3db, который является недопустимым в текущей исходной кодировке (кодовая страница 65001).
G:\Pasha\Программирование\Проект\QRCode\Bits.h(1,1): warning C4828: Файл содержит знак, начинающийся со смещения 0x3de, который является недопустимым в текущей исходной кодировке (кодовая страница 65001).
G:\Pasha\Программирование\Проект\QRCode\Bits.h(1,1): warning C4828: Файл содержит знак, начинающийся со смещения 0x3e1, который является недопустимым в текущей исходной кодировке (кодовая страница 65001).
G:\Pasha\Программирование\Проект\QRCode\Bits.h(1,1): warning C4828: Файл содержит знак, начинающийся со смещения 0x3e4, который является недопустимым в текущей исходной кодировке (кодовая страница 65001).
G:\Pasha\Программирование\Проект\QRCode\Bits.h(1,1): warning C4828: Файл содержит знак, начинающийся со смещения 0x3e8, который является недопустимым в текущей исходной кодировке (кодовая страница 65001).
G:\Pasha\Программирование\Проект\QRCode\Bits.h(1,1): warning C4828: Файл содержит знак, начинающийся со смещения 0x3eb, который является недопустимым в текущей исходной кодировке (кодовая страница 65001).
G:\Pasha\Программирование\Проект\QRCode\Bits.h(1,1): warning C4828: Файл содержит знак, начинающийся со смещения 0x3ef, который является недопустимым в текущей исходной кодировке (кодовая страница 65001).
G:\Pasha\Программирование\Проект\QRCode\Bits.h(1,1): warning C4828: Файл содержит знак, начинающийся со смещения 0x3f3, который является недопустимым в текущей исходной кодировке (кодовая страница 65001).
G:\Pasha\Программирование\Проект\QRCode\Bits.h(1,1): warning C4828: Файл содержит знак, начинающийся со смещения 0x3f7, который является недопустимым в текущей исходной кодировке (кодовая страница 65001).
G:\Pasha\Программирование\Проект\QRCode\Bits.h(1,1): warning C4828: Файл содержит знак, начинающийся со смещения 0x3fa, который является недопустимым в текущей исходной кодировке (кодовая страница 65001).
G:\Pasha\Программирование\Проект\QRCode\Bits.h(1,1): warning C4828: Файл содержит знак, начинающийся со смещения 0x3fd, который является недопустимым в текущей исходной кодировке (кодовая страница 65001).
G:\Pasha\Программирование\Проект\QRCode\Bits.h(1,1): warning C4828: Файл содержит знак, начинающийся со смещения 0x3fe, который является недопустимым в текущей исходной кодировке (кодовая страница 65001).
G:\Pasha\Программирование\Проект\QRCode\Bits.h(1,1): warning C4828: Файл содержит знак, начинающийся со смещения 0x401, который является недопустимым в текущей исходной кодировке (кодовая страница 65001).
G:\Pasha\Программирование\Проект\QRCode\Bits.h(1,1): warning C4828: Файл содержит знак, начинающийся со смещения 0x404, который является недопустимым в текущей исходной кодировке (кодовая страница 65001).
G:\Pasha\Программирование\Проект\QRCode\Bits.h(1,1): warning C4828: Файл содержит знак, начинающийся со смещения 0x408, который является недопустимым в текущей исходной кодировке (кодовая страница 65001).
G:\Pasha\Программирование\Проект\QRCode\Bits.h(1,1): warning C4828: Файл содержит знак, начинающийся со смещения 0x40b, который является недопустимым в текущей исходной кодировке (кодовая страница 65001).
G:\Pasha\Программирование\Проект\QRCode\Bits.h(1,1): warning C4828: Файл содержит знак, начинающийся со смещения 0x40e, который является недопустимым в текущей исходной кодировке (кодовая страница 65001).
G:\Pasha\Программирование\Проект\QRCode\Bits.h(1,1): warning C4828: Файл содержит знак, начинающийся со смещения 0x411, который является недопустимым в текущей исходной кодировке (кодовая страница 65001).
G:\Pasha\Программирование\Проект\QRCode\Bits.h(1,1): warning C4828: Файл содержит знак, начинающийся со смещения 0x436, который является недопустимым в текущей исходной кодировке (кодовая страница 65001).
G:\Pasha\Программирование\Проект\QRCode\Bits.h(1,1): warning C4828: Файл содержит знак, начинающийся со смещения 0x439, который является недопустимым в текущей исходной кодировке (кодовая страница 65001).
G:\Pasha\Программирование\Проект\QRCode\Bits.h(1,1): warning C4828: Файл содержит знак, начинающийся со смещения 0x43c, который является недопустимым в текущей исходной кодировке (кодовая страница 65001).
G:\Pasha\Программирование\Проект\QRCode\Bits.h(1,1): warning C4828: Файл содержит знак, начинающийся со смещения 0x43f, который является недопустимым в текущей исходной кодировке (кодовая страница 65001).
G:\Pasha\Программирование\Проект\QRCode\Bits.h(1,1): warning C4828: Файл содержит знак, начинающийся со смещения 0x442, который является недопустимым в текущей исходной кодировке (кодовая страница 65001).
G:\Pasha\Программирование\Проект\QRCode\Bits.h(1,1): warning C4828: Файл содержит знак, начинающийся со смещения 0x445, который является недопустимым в текущей исходной кодировке (кодовая страница 65001).
G:\Pasha\Программирование\Проект\QRCode\Bits.h(1,1): warning C4828: Файл содержит знак, начинающийся со смещения 0x571, который является недопустимым в текущей исходной кодировке (кодовая страница 65001).
G:\Pasha\Программирование\Проект\QRCode\Bits.h(1,1): warning C4828: Файл содержит знак, начинающийся со смещения 0x574, который является недопустимым в текущей исходной кодировке (кодовая страница 65001).
G:\Pasha\Программирование\Проект\QRCode\Bits.h(1,1): warning C4828: Файл содержит знак, начинающийся со смещения 0x578, который является недопустимым в текущей исходной кодировке (кодовая страница 65001).
G:\Pasha\Программирование\Проект\QRCode\Bits.h(1,1): warning C4828: Файл содержит знак, начинающийся со смещения 0x57c, который является недопустимым в текущей исходной кодировке (кодовая страница 65001).
G:\Pasha\Программирование\Проект\QRCode\Bits.h(1,1): warning C4828: Файл содержит знак, начинающийся со смещения 0x57f, который является недопустимым в текущей исходной кодировке (кодовая страница 65001).
G:\Pasha\Программирование\Проект\QRCode\Bits.h(1,1): warning C4828: Файл содержит знак, начинающийся со смещения 0x582, который является недопустимым в текущей исходной кодировке (кодовая страница 65001).
G:\Pasha\Программирование\Проект\QRCode\Bits.h(1,1): warning C4828: Файл содержит знак, начинающийся со смещения 0x585, который является недопустимым в текущей исходной кодировке (кодовая страница 65001).
G:\Pasha\Программирование\Проект\QRCode\Bits.h(1,1): warning C4828: Файл содержит знак, начинающийся со смещения 0x588, который является недопустимым в текущей исходной кодировке (кодовая страница 65001).
G:\Pasha\Программирование\Проект\QRCode\Bits.h(1,1): warning C4828: Файл содержит знак, начинающийся со смещения 0x58b, который является недопустимым в текущей исходной кодировке (кодовая страница 65001).
G:\Pasha\Программирование\Проект\QRCode\Bits.h(1,1): warning C4828: Файл содержит знак, начинающийся со смещения 0x64e, который является недопустимым в текущей исходной кодировке (кодовая страница 65001).
G:\Pasha\Программирование\Проект\QRCode\Bits.h(1,1): warning C4828: Файл содержит знак, начинающийся со смещения 0x651, который является недопустимым в текущей исходной кодировке (кодовая страница 65001).
G:\Pasha\Программирование\Проект\QRCode\Bits.h(1,1): warning C4828: Файл содержит знак, начинающийся со смещения 0x654, который является недопустимым в текущей исходной кодировке (кодовая страница 65001).
G:\Pasha\Программирование\Проект\QRCode\Bits.h(1,1): warning C4828: Файл содержит знак, начинающийся со смещения 0x659, который является недопустимым в текущей исходной кодировке (кодовая страница 65001).
G:\Pasha\Программирование\Проект\QRCode\Bits.h(1,1): warning C4828: Файл содержит знак, начинающийся со смещения 0x65c, который является недопустимым в текущей исходной кодировке (кодовая страница 65001).
G:\Pasha\Программирование\Проект\QRCode\Bits.h(1,1): warning C4828: Файл содержит знак, начинающийся со смещения 0x660, который является недопустимым в текущей исходной кодировке (кодовая страница 65001).
G:\Pasha\Программирование\Проект\QRCode\Bits.h(1,1): warning C4828: Файл содержит знак, начинающийся со смещения 0x664, который является недопустимым в текущей исходной кодировке (кодовая страница 65001).
G:\Pasha\Программирование\Проект\QRCode\Bits.h(1,1): warning C4828: Файл содержит знак, начинающийся со смещения 0x668, который является недопустимым в текущей исходной кодировке (кодовая страница 65001).
G:\Pasha\Программирование\Проект\QRCode\Bits.h(1,1): warning C4828: Файл содержит знак, начинающийся со смещения 0x66b, который является недопустимым в текущей исходной кодировке (кодовая страница 65001).
G:\Pasha\Программирование\Проект\QRCode\Bits.h(1,1): warning C4828: Файл содержит знак, начинающийся со смещения 0x744, который является недопустимым в текущей исходной кодировке (кодовая страница 65001).
G:\Pasha\Программирование\Проект\QRCode\Bits.h(1,1): warning C4828: Файл содержит знак, начинающийся со смещения 0x747, который является недопустимым в текущей исходной кодировке (кодовая страница 65001).
G:\Pasha\Программирование\Проект\QRCode\Bits.h(1,1): warning C4828: Файл содержит знак, начинающийся со смещения 0x74a, который является недопустимым в текущей исходной кодировке (кодовая страница 65001).
G:\Pasha\Программирование\Проект\QRCode\Bits.h(1,1): warning C4828: Файл содержит знак, начинающийся со смещения 0x74f, который является недопустимым в текущей исходной кодировке (кодовая страница 65001).
G:\Pasha\Программирование\Проект\QRCode\Bits.h(1,1): warning C4828: Файл содержит знак, начинающийся со смещения 0x752, который является недопустимым в текущей исходной кодировке (кодовая страница 65001).
G:\Pasha\Программирование\Проект\QRCode\Bits.h(1,1): warning C4828: Файл содержит знак, начинающийся со смещения 0x756, который является недопустимым в текущей исходной кодировке (кодовая страница 65001).
G:\Pasha\Программирование\Проект\QRCode\Bits.h(1,1): warning C4828: Файл содержит знак, начинающийся со смещения 0x759, который является недопустимым в текущей исходной кодировке (кодовая страница 65001).
G:\Pasha\Программирование\Проект\QRCode\Bits.h(1,1): warning C4828: Файл содержит знак, начинающийся со смещения 0x75d, который является недопустимым в текущей исходной кодировке (кодовая страница 65001).
G:\Pasha\Программирование\Проект\QRCode\Bits.h(1,1): warning C4828: Файл содержит знак, начинающийся со смещения 0x760, который является недопустимым в текущей исходной кодировке (кодовая страница 65001).
G:\Pasha\Программирование\Проект\QRCode\Bits.h(1,1): warning C4828: Файл содержит знак, начинающийся со смещения 0x763, который является недопустимым в текущей исходной кодировке (кодовая страница 65001).
G:\Pasha\Программирование\Проект\QRCode\Bits.h(1,1): warning C4828: Файл содержит знак, начинающийся со смещения 0x766, который является недопустимым в текущей исходной кодировке (кодовая страница 65001).
G:\Pasha\Программирование\Проект\QRCode\Bits.h(1,1): warning C4828: Файл содержит знак, начинающийся со смещения 0x769, который является недопустимым в текущей исходной кодировке (кодовая страница 65001).
G:\Pasha\Программирование\Проект\QRCode\Bits.h(1,1): warning C4828: Файл содержит знак, начинающийся со смещения 0x7a0, который является недопустимым в текущей исходной кодировке (кодовая страница 65001).
G:\Pasha\Программирование\Проект\QRCode\Bits.h(1,1): warning C4828: Файл содержит знак, начинающийся со смещения 0x7a3, который является недопустимым в текущей исходной кодировке (кодовая страница 65001).
G:\Pasha\Программирование\Проект\QRCode\Bits.h(1,1): warning C4828: Файл содержит знак, начинающийся со смещения 0x7a6, который является недопустимым в текущей исходной кодировке (кодовая страница 65001).
G:\Pasha\Программирование\Проект\QRCode\Bits.h(1,1): warning C4828: Файл содержит знак, начинающийся со смещения 0x7aa, который является недопустимым в текущей исходной кодировке (кодовая страница 65001).
G:\Pasha\Программирование\Проект\QRCode\Bits.h(1,1): warning C4828: Файл содержит знак, начинающийся со смещения 0x7ab, который является недопустимым в текущей исходной кодировке (кодовая страница 65001).
G:\Pasha\Программирование\Проект\QRCode\Bits.h(1,1): warning C4828: Файл содержит знак, начинающийся со смещения 0x7ae, который является недопустимым в текущей исходной кодировке (кодовая страница 65001).
G:\Pasha\Программирование\Проект\QRCode\Bits.h(1,1): warning C4828: Файл содержит знак, начинающийся со смещения 0x7b1, который является недопустимым в текущей исходной кодировке (кодовая страница 65001).
G:\Pasha\Программирование\Проект\QRCode\Bits.h(1,1): warning C4828: Файл содержит знак, начинающийся со смещения 0x7b4, который является недопустимым в текущей исходной кодировке (кодовая страница 65001).
G:\Pasha\Программирование\Проект\QRCode\Bits.h(1,1): warning C4828: Файл содержит знак, начинающийся со смещения 0xb61, который является недопустимым в текущей исходной кодировке (кодовая страница 65001).
G:\Pasha\Программирование\Проект\QRCode\Bits.h(1,1): warning C4828: Файл содержит знак, начинающийся со смещения 0xb63, который является недопустимым в текущей исходной кодировке (кодовая страница 65001).
G:\Pasha\Программирование\Проект\QRCode\Bits.h(1,1): warning C4828: Файл содержит знак, начинающийся со смещения 0xb66, который является недопустимым в текущей исходной кодировке (кодовая страница 65001).
G:\Pasha\Программирование\Проект\QRCode\Bits.h(1,1): warning C4828: Файл содержит знак, начинающийся со смещения 0xb68, который является недопустимым в текущей исходной кодировке (кодовая страница 65001).
G:\Pasha\Программирование\Проект\QRCode\Bits.h(1,1): warning C4828: Файл содержит знак, начинающийся со смещения 0x105a, который является недопустимым в текущей исходной кодировке (кодовая страница 65001).
G:\Pasha\Программирование\Проект\QRCode\Bits.h(1,1): warning C4828: Файл содержит знак, начинающийся со смещения 0x105c, который является недопустимым в текущей исходной кодировке (кодовая страница 65001).
G:\Pasha\Программирование\Проект\QRCode\Bits.h(1,1): warning C4828: Файл содержит знак, начинающийся со смещения 0x1060, который является недопустимым в текущей исходной кодировке (кодовая страница 65001).
G:\Pasha\Программирование\Проект\QRCode\Bits.h(1,1): warning C4828: Файл содержит знак, начинающийся со смещения 0x1063, который является недопустимым в текущей исходной кодировке (кодовая страница 65001).
G:\Pasha\Программирование\Проект\QRCode\Bits.h(1,1): warning C4828: Файл содержит знак, начинающийся со смещения 0x1066, который является недопустимым в текущей исходной кодировке (кодовая страница 65001).
G:\Pasha\Программирование\Проект\QRCode\Bits.h(1,1): warning C4828: Файл содержит знак, начинающийся со смещения 0x1069, который является недопустимым в текущей исходной кодировке (кодовая страница 65001).
G:\Pasha\Программирование\Проект\QRCode\Bits.h(1,1): warning C4828: Файл содержит знак, начинающийся со смещения 0x106c, который является недопустимым в текущей исходной кодировке (кодовая страница 65001).
G:\Pasha\Программирование\Проект\QRCode\Bits.h(1,1): warning C4828: Файл содержит знак, начинающийся со смещения 0x154d, который является недопустимым в текущей исходной кодировке (кодовая страница 65001).
G:\Pasha\Программирование\Проект\QRCode\Bits.h(1,1): warning C4828: Файл содержит знак, начинающийся со смещения 0x1551, который является недопустимым в текущей исходной кодировке (кодовая страница 65001).
G:\Pasha\Программирование\Проект\QRCode\Bits.h(1,1): warning C4828: Файл содержит знак, начинающийся со смещения 0x1554, который является недопустимым в текущей исходной кодировке (кодовая страница 65001).
G:\Pasha\Программирование\Проект\QRCode\Bits.h(1,1): warning C4828: Файл содержит знак, начинающийся со смещения 0x1558, который является недопустимым в текущей исходной кодировке (кодовая страница 65001).
G:\Pasha\Программирование\Проект\QRCode\Bits.h(1,1): warning C4828: Файл содержит знак, начинающийся со смещения 0x155b, который является недопустимым в текущей исходной кодировке (кодовая страница 65001).
G:\Pasha\Программирование\Проект\QRCode\Bits.h(1,1): warning C4828: Файл содержит знак, начинающийся со смещения 0x157a, который является недопустимым в текущей исходной кодировке (кодовая страница 65001).
G:\Pasha\Программирование\Проект\QRCode\Bits.h(1,1): warning C4828: Файл содержит знак, начинающийся со смещения 0x157e, который является недопустимым в текущей исходной кодировке (кодовая страница 65001).
G:\Pasha\Программирование\Проект\QRCode\Bits.h(1,1): warning C4828: Файл содержит знак, начинающийся со смещения 0x1581, который является недопустимым в текущей исходной кодировке (кодовая страница 65001).
G:\Pasha\Программирование\Проект\QRCode\Bits.h(1,1): warning C4828: Файл содержит знак, начинающийся со смещения 0x1585, который является недопустимым в текущей исходной кодировке (кодовая страница 65001).
G:\Pasha\Программирование\Проект\QRCode\Bits.h(1,1): warning C4828: Файл содержит знак, начинающийся со смещения 0x1588, который является недопустимым в текущей исходной кодировке (кодовая страница 65001).
G:\Pasha\Программирование\Проект\QRCode\Bits.h(1,1): warning C4828: Файл содержит знак, начинающийся со смещения 0x158b, который является недопустимым в текущей исходной кодировке (кодовая страница 65001).
G:\Pasha\Программирование\Проект\QRCode\Bits.h(1,1): warning C4828: Файл содержит знак, начинающийся со смещения 0x158f, который является недопустимым в текущей исходной кодировке (кодовая страница 65001).
G:\Pasha\Программирование\Проект\QRCode\Bits.h(1,1): warning C4828: Файл содержит знак, начинающийся со смещения 0x1596, который является недопустимым в текущей исходной кодировке (кодовая страница 65001).
G:\Pasha\Программирование\Проект\QRCode\Bits.h(1,1): warning C4828: Файл содержит знак, начинающийся со смещения 0x1599, который является недопустимым в текущей исходной кодировке (кодовая страница 65001).
G:\Pasha\Программирование\Проект\QRCode\Bits.h(1,1): warning C4828: Файл содержит знак, начинающийся со смещения 0x159c, который является недопустимым в текущей исходной кодировке (кодовая страница 65001).
G:\Pasha\Программирование\Проект\QRCode\Bits.h(1,1): warning C4828: Файл содержит знак, начинающийся со смещения 0x159f, который является недопустимым в текущей исходной кодировке (кодовая страница 65001).
G:\Pasha\Программирование\Проект\QRCode\Bits.h(1,1): warning C4828: Файл содержит знак, начинающийся со смещения 0x15a2, который является недопустимым в текущей исходной кодировке (кодовая страница 65001).
G:\Pasha\Программирование\Проект\QRCode\Bits.h(1,1): warning C4828: Файл содержит знак, начинающийся со смещения 0x15bd, который является недопустимым в текущей исходной кодировке (кодовая страница 65001).
G:\Pasha\Программирование\Проект\QRCode\Bits.h(1,1): warning C4828: Файл содержит знак, начинающийся со смещения 0x15c1, который является недопустимым в текущей исходной кодировке (кодовая страница 65001).
G:\Pasha\Программирование\Проект\QRCode\Bits.h(1,1): warning C4828: Файл содержит знак, начинающийся со смещения 0x15c4, который является недопустимым в текущей исходной кодировке (кодовая страница 65001).
G:\Pasha\Программирование\Проект\QRCode\Bits.h(1,1): warning C4828: Файл содержит знак, начинающийся со смещения 0x15c7, который является недопустимым в текущей исходной кодировке (кодовая страница 65001).
G:\Pasha\Программирование\Проект\QRCode\Bits.h(1,1): warning C4828: Файл содержит знак, начинающийся со смещения 0x15ca, который является недопустимым в текущей исходной кодировке (кодовая страница 65001).
G:\Pasha\Программирование\Проект\QRCode\Bits.h(1,1): warning C4828: Файл содержит знак, начинающийся со смещения 0x15ce, который является недопустимым в текущей исходной кодировке (кодовая страница 65001).
G:\Pasha\Программирование\Проект\QRCode\Bits.h(1,1): warning C4828: Файл содержит знак, начинающийся со смещения 0x15d1, который является недопустимым в текущей исходной кодировке (кодовая страница 65001).
G:\Pasha\Программирование\Проект\QRCode\Bits.h(1,1): warning C4828: Файл содержит знак, начинающийся со смещения 0x15d4, который является недопустимым в текущей исходной кодировке (кодовая страница 65001).
G:\Pasha\Программирование\Проект\QRCode\Bits.h(1,1): warning C4828: Файл содержит знак, начинающийся со смещения 0x15d7, который является недопустимым в текущей исходной кодировке (кодовая страница 65001).
G:\Pasha\Программирование\Проект\QRCode\Bits.h(1,1): warning C4828: Файл содержит знак, начинающийся со смещения 0x15da, который является недопустимым в текущей исходной кодировке (кодовая страница 65001).
G:\Pasha\Программирование\Проект\QRCode\Bits.h(1,1): warning C4828: Файл содержит знак, начинающийся со смещения 0x15dd, который является недопустимым в текущей исходной кодировке (кодовая страница 65001).
G:\Pasha\Программирование\Проект\QRCode\Bits.h(1,1): warning C4828: Файл содержит знак, начинающийся со смещения 0x15f4, который является недопустимым в текущей исходной кодировке (кодовая страница 65001).
G:\Pasha\Программирование\Проект\QRCode\Bits.h(1,1): warning C4828: Файл содержит знак, начинающийся со смещения 0x15f7, который является недопустимым в текущей исходной кодировке (кодовая страница 65001).
G:\Pasha\Программирование\Проект\QRCode\Bits.h(1,1): warning C4828: Файл содержит знак, начинающийся со смещения 0x15fa, который является недопустимым в текущей исходной кодировке (кодовая страница 65001).
G:\Pasha\Программирование\Проект\QRCode\Bits.h(1,1): warning C4828: Файл содержит знак, начинающийся со смещения 0x15fd, который является недопустимым в текущей исходной кодировке (кодовая страница 65001).
G:\Pasha\Программирование\Проект\QRCode\Bits.h(1,1): warning C4828: Файл содержит знак, начинающийся со смещения 0x1615, который является недопустимым в текущей исходной кодировке (кодовая страница 65001).
G:\Pasha\Программирование\Проект\QRCode\Bits.h(1,1): warning C4828: Файл содержит знак, начинающийся со смещения 0x1619, который является недопустимым в текущей исходной кодировке (кодовая страница 65001).
G:\Pasha\Программирование\Проект\QRCode\Bits.h(1,1): warning C4828: Файл содержит знак, начинающийся со смещения 0x161c, который является недопустимым в текущей исходной кодировке (кодовая страница 65001).
G:\Pasha\Программирование\Проект\QRCode\Bits.h(1,1): warning C4828: Файл содержит знак, начинающийся со смещения 0x1620, который является недопустимым в текущей исходной кодировке (кодовая страница 65001).
G:\Pasha\Программирование\Проект\QRCode\Bits.h(1,1): warning C4828: Файл содержит знак, начинающийся со смещения 0x1623, который является недопустимым в текущей исходной кодировке (кодовая страница 65001).
G:\Pasha\Программирование\Проект\QRCode\Bits.h(1,1): warning C4828: Файл содержит знак, начинающийся со смещения 0x1626, который является недопустимым в текущей исходной кодировке (кодовая страница 65001).
G:\Pasha\Программирование\Проект\QRCode\Bits.h(1,1): warning C4828: Файл содержит знак, начинающийся со смещения 0x164c, который является недопустимым в текущей исходной кодировке (кодовая страница 65001).
G:\Pasha\Программирование\Проект\QRCode\Bits.h(1,1): warning C4828: Файл содержит знак, начинающийся со смещения 0x1650, который является недопустимым в текущей исходной кодировке (кодовая страница 65001).
G:\Pasha\Программирование\Проект\QRCode\Bits.h(1,1): warning C4828: Файл содержит знак, начинающийся со смещения 0x1653, который является недопустимым в текущей исходной кодировке (кодовая страница 65001).
G:\Pasha\Программирование\Проект\QRCode\Bits.h(1,1): warning C4828: Файл содержит знак, начинающийся со смещения 0x1656, который является недопустимым в текущей исходной кодировке (кодовая страница 65001).
G:\Pasha\Программирование\Проект\QRCode\Bits.h(1,1): warning C4828: Файл содержит знак, начинающийся со смещения 0x1659, который является недопустимым в текущей исходной кодировке (кодовая страница 65001).
G:\Pasha\Программирование\Проект\QRCode\Bits.h(1,1): warning C4828: Файл содержит знак, начинающийся со смещения 0x165c, который является недопустимым в текущей исходной кодировке (кодовая страница 65001).
G:\Pasha\Программирование\Проект\QRCode\Bits.h(1,1): warning C4828: Файл содержит знак, начинающийся со смещения 0x165f, который является недопустимым в текущей исходной кодировке (кодовая страница 65001).
G:\Pasha\Программирование\Проект\QRCode\Bits.h(1,1): warning C4828: Файл содержит знак, начинающийся со смещения 0x1663, который является недопустимым в текущей исходной кодировке (кодовая страница 65001).
G:\Pasha\Программирование\Проект\QRCode\Bits.h(1,1): warning C4828: Файл содержит знак, начинающийся со смещения 0x1680, который является недопустимым в текущей исходной кодировке (кодовая страница 65001).
G:\Pasha\Программирование\Проект\QRCode\Bits.h(1,1): warning C4828: Файл содержит знак, начинающийся со смещения 0x1683, который является недопустимым в текущей исходной кодировке (кодовая страница 65001).
G:\Pasha\Программирование\Проект\QRCode\Bits.h(1,1): warning C4828: Файл содержит знак, начинающийся со смещения 0x1686, который является недопустимым в текущей исходной кодировке (кодовая страница 65001).
G:\Pasha\Программирование\Проект\QRCode\Bits.h(1,1): warning C4828: Файл содержит знак, начинающийся со смещения 0x1689, который является недопустимым в текущей исходной кодировке (кодовая страница 65001).
G:\Pasha\Программирование\Проект\QRCode\Bits.h(1,1): warning C4828: Файл содержит знак, начинающийся со смещения 0x168c, который является недопустимым в текущей исходной кодировке (кодовая страница 65001).
G:\Pasha\Программирование\Проект\QRCode\Bits.h(1,1): warning C4828: Файл содержит знак, начинающийся со смещения 0x168f, который является недопустимым в текущей исходной кодировке (кодовая страница 65001).
G:\Pasha\Программирование\Проект\QRCode\Bits.cpp(4,20): warning C4018: <: несоответствие типов со знаком и без знака
G:\Pasha\Программирование\Проект\QRCode\Bits.cpp(21,24): warning C4018: >: несоответствие типов со знаком и без знака
G:\Pasha\Программирование\Проект\QRCode\Bits.cpp(26,20): warning C4390: ";": обнаружен пустой контролируемый оператор; это правильно?
G:\Pasha\Программирование\Проект\QRCode\Bits.cpp(90,20): warning C4018: <: несоответствие типов со знаком и без знака
G:\Pasha\Программирование\Проект\QRCode\Bits.cpp(112,29): warning C4018: <: несоответствие типов со знаком и без знака
G:\Pasha\Программирование\Проект\QRCode\Bits.cpp(186,21): warning C4018: <: несоответствие типов со знаком и без знака
  QRCode.vcxproj -> G:\Pasha\Программирование\Проект\QRCode\Debug\QRCode.exe
