  QRCode.cpp
C:\Users\alexp\Desktop\Тутуева\QRCode\QRCode\Bits.h(1,1): warning C4828: Файл содержит знак, начинающийся со смещения 0xb3, который является недопустимым в текущей исходной кодировке (кодовая страница 65001).
C:\Users\alexp\Desktop\Тутуева\QRCode\QRCode\Bits.h(1,1): warning C4828: Файл содержит знак, начинающийся со смещения 0xb7, который является недопустимым в текущей исходной кодировке (кодовая страница 65001).
C:\Users\alexp\Desktop\Тутуева\QRCode\QRCode\Bits.h(1,1): warning C4828: Файл содержит знак, начинающийся со смещения 0xbb, который является недопустимым в текущей исходной кодировке (кодовая страница 65001).
C:\Users\alexp\Desktop\Тутуева\QRCode\QRCode\Bits.h(1,1): warning C4828: Файл содержит знак, начинающийся со смещения 0xbe, который является недопустимым в текущей исходной кодировке (кодовая страница 65001).
C:\Users\alexp\Desktop\Тутуева\QRCode\QRCode\Bits.h(1,1): warning C4828: Файл содержит знак, начинающийся со смещения 0xc2, который является недопустимым в текущей исходной кодировке (кодовая страница 65001).
C:\Users\alexp\Desktop\Тутуева\QRCode\QRCode\Bits.h(1,1): warning C4828: Файл содержит знак, начинающийся со смещения 0x1ed, который является недопустимым в текущей исходной кодировке (кодовая страница 65001).
C:\Users\alexp\Desktop\Тутуева\QRCode\QRCode\Bits.h(1,1): warning C4828: Файл содержит знак, начинающийся со смещения 0x1f0, который является недопустимым в текущей исходной кодировке (кодовая страница 65001).
C:\Users\alexp\Desktop\Тутуева\QRCode\QRCode\Bits.h(1,1): warning C4828: Файл содержит знак, начинающийся со смещения 0x1f4, который является недопустимым в текущей исходной кодировке (кодовая страница 65001).
C:\Users\alexp\Desktop\Тутуева\QRCode\QRCode\Bits.h(1,1): warning C4828: Файл содержит знак, начинающийся со смещения 0x1f8, который является недопустимым в текущей исходной кодировке (кодовая страница 65001).
C:\Users\alexp\Desktop\Тутуева\QRCode\QRCode\Bits.h(1,1): warning C4828: Файл содержит знак, начинающийся со смещения 0x1fb, который является недопустимым в текущей исходной кодировке (кодовая страница 65001).
C:\Users\alexp\Desktop\Тутуева\QRCode\QRCode\Bits.h(1,1): warning C4828: Файл содержит знак, начинающийся со смещения 0x1fe, который является недопустимым в текущей исходной кодировке (кодовая страница 65001).
C:\Users\alexp\Desktop\Тутуева\QRCode\QRCode\Bits.h(1,1): warning C4828: Файл содержит знак, начинающийся со смещения 0x201, который является недопустимым в текущей исходной кодировке (кодовая страница 65001).
C:\Users\alexp\Desktop\Тутуева\QRCode\QRCode\Bits.h(1,1): warning C4828: Файл содержит знак, начинающийся со смещения 0x204, который является недопустимым в текущей исходной кодировке (кодовая страница 65001).
C:\Users\alexp\Desktop\Тутуева\QRCode\QRCode\Bits.h(1,1): warning C4828: Файл содержит знак, начинающийся со смещения 0x207, который является недопустимым в текущей исходной кодировке (кодовая страница 65001).
C:\Users\alexp\Desktop\Тутуева\QRCode\QRCode\Bits.h(1,1): warning C4828: Файл содержит знак, начинающийся со смещения 0x233, который является недопустимым в текущей исходной кодировке (кодовая страница 65001).
C:\Users\alexp\Desktop\Тутуева\QRCode\QRCode\Bits.h(1,1): warning C4828: Файл содержит знак, начинающийся со смещения 0x237, который является недопустимым в текущей исходной кодировке (кодовая страница 65001).
C:\Users\alexp\Desktop\Тутуева\QRCode\QRCode\Bits.h(1,1): warning C4828: Файл содержит знак, начинающийся со смещения 0x23a, который является недопустимым в текущей исходной кодировке (кодовая страница 65001).
C:\Users\alexp\Desktop\Тутуева\QRCode\QRCode\Bits.h(1,1): warning C4828: Файл содержит знак, начинающийся со смещения 0x23d, который является недопустимым в текущей исходной кодировке (кодовая страница 65001).
C:\Users\alexp\Desktop\Тутуева\QRCode\QRCode\Bits.h(1,1): warning C4828: Файл содержит знак, начинающийся со смещения 0x240, который является недопустимым в текущей исходной кодировке (кодовая страница 65001).
C:\Users\alexp\Desktop\Тутуева\QRCode\QRCode\Bits.h(1,1): warning C4828: Файл содержит знак, начинающийся со смещения 0x243, который является недопустимым в текущей исходной кодировке (кодовая страница 65001).
C:\Users\alexp\Desktop\Тутуева\QRCode\QRCode\Bits.h(1,1): warning C4828: Файл содержит знак, начинающийся со смещения 0x268, который является недопустимым в текущей исходной кодировке (кодовая страница 65001).
C:\Users\alexp\Desktop\Тутуева\QRCode\QRCode\Bits.h(1,1): warning C4828: Файл содержит знак, начинающийся со смещения 0x26b, который является недопустимым в текущей исходной кодировке (кодовая страница 65001).
C:\Users\alexp\Desktop\Тутуева\QRCode\QRCode\Bits.h(1,1): warning C4828: Файл содержит знак, начинающийся со смещения 0x26e, который является недопустимым в текущей исходной кодировке (кодовая страница 65001).
C:\Users\alexp\Desktop\Тутуева\QRCode\QRCode\Bits.h(1,1): warning C4828: Файл содержит знак, начинающийся со смещения 0x271, который является недопустимым в текущей исходной кодировке (кодовая страница 65001).
C:\Users\alexp\Desktop\Тутуева\QRCode\QRCode\Bits.h(1,1): warning C4828: Файл содержит знак, начинающийся со смещения 0x274, который является недопустимым в текущей исходной кодировке (кодовая страница 65001).
C:\Users\alexp\Desktop\Тутуева\QRCode\QRCode\Bits.h(1,1): warning C4828: Файл содержит знак, начинающийся со смещения 0x2be, который является недопустимым в текущей исходной кодировке (кодовая страница 65001).
C:\Users\alexp\Desktop\Тутуева\QRCode\QRCode\Bits.h(1,1): warning C4828: Файл содержит знак, начинающийся со смещения 0x2c1, который является недопустимым в текущей исходной кодировке (кодовая страница 65001).
C:\Users\alexp\Desktop\Тутуева\QRCode\QRCode\Bits.h(1,1): warning C4828: Файл содержит знак, начинающийся со смещения 0x2c4, который является недопустимым в текущей исходной кодировке (кодовая страница 65001).
C:\Users\alexp\Desktop\Тутуева\QRCode\QRCode\Bits.h(1,1): warning C4828: Файл содержит знак, начинающийся со смещения 0x2c8, который является недопустимым в текущей исходной кодировке (кодовая страница 65001).
C:\Users\alexp\Desktop\Тутуева\QRCode\QRCode\Bits.h(1,1): warning C4828: Файл содержит знак, начинающийся со смещения 0x2cb, который является недопустимым в текущей исходной кодировке (кодовая страница 65001).
C:\Users\alexp\Desktop\Тутуева\QRCode\QRCode\Bits.h(1,1): warning C4828: Файл содержит знак, начинающийся со смещения 0x2ce, который является недопустимым в текущей исходной кодировке (кодовая страница 65001).
C:\Users\alexp\Desktop\Тутуева\QRCode\QRCode\Bits.h(1,1): warning C4828: Файл содержит знак, начинающийся со смещения 0x2d1, который является недопустимым в текущей исходной кодировке (кодовая страница 65001).
C:\Users\alexp\Desktop\Тутуева\QRCode\QRCode\Bits.h(1,1): warning C4828: Файл содержит знак, начинающийся со смещения 0x2d4, который является недопустимым в текущей исходной кодировке (кодовая страница 65001).
C:\Users\alexp\Desktop\Тутуева\QRCode\QRCode\Bits.h(1,1): warning C4828: Файл содержит знак, начинающийся со смещения 0x300, который является недопустимым в текущей исходной кодировке (кодовая страница 65001).
C:\Users\alexp\Desktop\Тутуева\QRCode\QRCode\Bits.h(1,1): warning C4828: Файл содержит знак, начинающийся со смещения 0x303, который является недопустимым в текущей исходной кодировке (кодовая страница 65001).
C:\Users\alexp\Desktop\Тутуева\QRCode\QRCode\Bits.h(1,1): warning C4828: Файл содержит знак, начинающийся со смещения 0x306, который является недопустимым в текущей исходной кодировке (кодовая страница 65001).
C:\Users\alexp\Desktop\Тутуева\QRCode\QRCode\Bits.h(1,1): warning C4828: Файл содержит знак, начинающийся со смещения 0x30b, который является недопустимым в текущей исходной кодировке (кодовая страница 65001).
C:\Users\alexp\Desktop\Тутуева\QRCode\QRCode\Bits.h(1,1): warning C4828: Файл содержит знак, начинающийся со смещения 0x30e, который является недопустимым в текущей исходной кодировке (кодовая страница 65001).
C:\Users\alexp\Desktop\Тутуева\QRCode\QRCode\Bits.h(1,1): warning C4828: Файл содержит знак, начинающийся со смещения 0x311, который является недопустимым в текущей исходной кодировке (кодовая страница 65001).
C:\Users\alexp\Desktop\Тутуева\QRCode\QRCode\Bits.h(1,1): warning C4828: Файл содержит знак, начинающийся со смещения 0x314, который является недопустимым в текущей исходной кодировке (кодовая страница 65001).
C:\Users\alexp\Desktop\Тутуева\QRCode\QRCode\Bits.h(1,1): warning C4828: Файл содержит знак, начинающийся со смещения 0x317, который является недопустимым в текущей исходной кодировке (кодовая страница 65001).
C:\Users\alexp\Desktop\Тутуева\QRCode\QRCode\Bits.h(1,1): warning C4828: Файл содержит знак, начинающийся со смещения 0x33b, который является недопустимым в текущей исходной кодировке (кодовая страница 65001).
C:\Users\alexp\Desktop\Тутуева\QRCode\QRCode\Bits.h(1,1): warning C4828: Файл содержит знак, начинающийся со смещения 0x33f, который является недопустимым в текущей исходной кодировке (кодовая страница 65001).
C:\Users\alexp\Desktop\Тутуева\QRCode\QRCode\Bits.h(1,1): warning C4828: Файл содержит знак, начинающийся со смещения 0x344, который является недопустимым в текущей исходной кодировке (кодовая страница 65001).
C:\Users\alexp\Desktop\Тутуева\QRCode\QRCode\Bits.h(1,1): warning C4828: Файл содержит знак, начинающийся со смещения 0x347, который является недопустимым в текущей исходной кодировке (кодовая страница 65001).
C:\Users\alexp\Desktop\Тутуева\QRCode\QRCode\Bits.h(1,1): warning C4828: Файл содержит знак, начинающийся со смещения 0x34a, который является недопустимым в текущей исходной кодировке (кодовая страница 65001).
C:\Users\alexp\Desktop\Тутуева\QRCode\QRCode\Bits.h(1,1): warning C4828: Файл содержит знак, начинающийся со смещения 0x34e, который является недопустимым в текущей исходной кодировке (кодовая страница 65001).
C:\Users\alexp\Desktop\Тутуева\QRCode\QRCode\Bits.h(1,1): warning C4828: Файл содержит знак, начинающийся со смещения 0x351, который является недопустимым в текущей исходной кодировке (кодовая страница 65001).
C:\Users\alexp\Desktop\Тутуева\QRCode\QRCode\Bits.h(1,1): warning C4828: Файл содержит знак, начинающийся со смещения 0x354, который является недопустимым в текущей исходной кодировке (кодовая страница 65001).
C:\Users\alexp\Desktop\Тутуева\QRCode\QRCode\Bits.h(1,1): warning C4828: Файл содержит знак, начинающийся со смещения 0x358, который является недопустимым в текущей исходной кодировке (кодовая страница 65001).
C:\Users\alexp\Desktop\Тутуева\QRCode\QRCode\Bits.h(1,1): warning C4828: Файл содержит знак, начинающийся со смещения 0x35b, который является недопустимым в текущей исходной кодировке (кодовая страница 65001).
C:\Users\alexp\Desktop\Тутуева\QRCode\QRCode\Bits.h(1,1): warning C4828: Файл содержит знак, начинающийся со смещения 0x35e, который является недопустимым в текущей исходной кодировке (кодовая страница 65001).
C:\Users\alexp\Desktop\Тутуева\QRCode\QRCode\Bits.h(1,1): warning C4828: Файл содержит знак, начинающийся со смещения 0x362, который является недопустимым в текущей исходной кодировке (кодовая страница 65001).
C:\Users\alexp\Desktop\Тутуева\QRCode\QRCode\Bits.h(1,1): warning C4828: Файл содержит знак, начинающийся со смещения 0x39e, который является недопустимым в текущей исходной кодировке (кодовая страница 65001).
C:\Users\alexp\Desktop\Тутуева\QRCode\QRCode\Bits.h(1,1): warning C4828: Файл содержит знак, начинающийся со смещения 0x3a1, который является недопустимым в текущей исходной кодировке (кодовая страница 65001).
C:\Users\alexp\Desktop\Тутуева\QRCode\QRCode\Bits.h(1,1): warning C4828: Файл содержит знак, начинающийся со смещения 0x3a4, который является недопустимым в текущей исходной кодировке (кодовая страница 65001).
C:\Users\alexp\Desktop\Тутуева\QRCode\QRCode\Bits.h(1,1): warning C4828: Файл содержит знак, начинающийся со смещения 0x3a5, который является недопустимым в текущей исходной кодировке (кодовая страница 65001).
C:\Users\alexp\Desktop\Тутуева\QRCode\QRCode\Bits.h(1,1): warning C4828: Файл содержит знак, начинающийся со смещения 0x3a6, который является недопустимым в текущей исходной кодировке (кодовая страница 65001).
C:\Users\alexp\Desktop\Тутуева\QRCode\QRCode\Bits.h(1,1): warning C4828: Файл содержит знак, начинающийся со смещения 0x3a7, который является недопустимым в текущей исходной кодировке (кодовая страница 65001).
C:\Users\alexp\Desktop\Тутуева\QRCode\QRCode\Bits.h(1,1): warning C4828: Файл содержит знак, начинающийся со смещения 0x3aa, который является недопустимым в текущей исходной кодировке (кодовая страница 65001).
C:\Users\alexp\Desktop\Тутуева\QRCode\QRCode\Bits.h(1,1): warning C4828: Файл содержит знак, начинающийся со смещения 0x3ad, который является недопустимым в текущей исходной кодировке (кодовая страница 65001).
C:\Users\alexp\Desktop\Тутуева\QRCode\QRCode\Bits.h(1,1): warning C4828: Файл содержит знак, начинающийся со смещения 0x3c9, который является недопустимым в текущей исходной кодировке (кодовая страница 65001).
C:\Users\alexp\Desktop\Тутуева\QRCode\QRCode\Bits.h(1,1): warning C4828: Файл содержит знак, начинающийся со смещения 0x3cd, который является недопустимым в текущей исходной кодировке (кодовая страница 65001).
C:\Users\alexp\Desktop\Тутуева\QRCode\QRCode\Bits.h(1,1): warning C4828: Файл содержит знак, начинающийся со смещения 0x3d0, который является недопустимым в текущей исходной кодировке (кодовая страница 65001).
C:\Users\alexp\Desktop\Тутуева\QRCode\QRCode\Bits.h(1,1): warning C4828: Файл содержит знак, начинающийся со смещения 0x3d4, который является недопустимым в текущей исходной кодировке (кодовая страница 65001).
C:\Users\alexp\Desktop\Тутуева\QRCode\QRCode\Bits.h(1,1): warning C4828: Файл содержит знак, начинающийся со смещения 0x3d7, который является недопустимым в текущей исходной кодировке (кодовая страница 65001).
C:\Users\alexp\Desktop\Тутуева\QRCode\QRCode\Bits.h(1,1): warning C4828: Файл содержит знак, начинающийся со смещения 0x3f6, который является недопустимым в текущей исходной кодировке (кодовая страница 65001).
C:\Users\alexp\Desktop\Тутуева\QRCode\QRCode\Bits.h(1,1): warning C4828: Файл содержит знак, начинающийся со смещения 0x3fa, который является недопустимым в текущей исходной кодировке (кодовая страница 65001).
C:\Users\alexp\Desktop\Тутуева\QRCode\QRCode\Bits.h(1,1): warning C4828: Файл содержит знак, начинающийся со смещения 0x3fd, который является недопустимым в текущей исходной кодировке (кодовая страница 65001).
C:\Users\alexp\Desktop\Тутуева\QRCode\QRCode\Bits.h(1,1): warning C4828: Файл содержит знак, начинающийся со смещения 0x401, который является недопустимым в текущей исходной кодировке (кодовая страница 65001).
C:\Users\alexp\Desktop\Тутуева\QRCode\QRCode\Bits.h(1,1): warning C4828: Файл содержит знак, начинающийся со смещения 0x404, который является недопустимым в текущей исходной кодировке (кодовая страница 65001).
C:\Users\alexp\Desktop\Тутуева\QRCode\QRCode\Bits.h(1,1): warning C4828: Файл содержит знак, начинающийся со смещения 0x407, который является недопустимым в текущей исходной кодировке (кодовая страница 65001).
C:\Users\alexp\Desktop\Тутуева\QRCode\QRCode\Bits.h(1,1): warning C4828: Файл содержит знак, начинающийся со смещения 0x40b, который является недопустимым в текущей исходной кодировке (кодовая страница 65001).
C:\Users\alexp\Desktop\Тутуева\QRCode\QRCode\Bits.h(1,1): warning C4828: Файл содержит знак, начинающийся со смещения 0x412, который является недопустимым в текущей исходной кодировке (кодовая страница 65001).
C:\Users\alexp\Desktop\Тутуева\QRCode\QRCode\Bits.h(1,1): warning C4828: Файл содержит знак, начинающийся со смещения 0x415, который является недопустимым в текущей исходной кодировке (кодовая страница 65001).
C:\Users\alexp\Desktop\Тутуева\QRCode\QRCode\Bits.h(1,1): warning C4828: Файл содержит знак, начинающийся со смещения 0x418, который является недопустимым в текущей исходной кодировке (кодовая страница 65001).
C:\Users\alexp\Desktop\Тутуева\QRCode\QRCode\Bits.h(1,1): warning C4828: Файл содержит знак, начинающийся со смещения 0x41b, который является недопустимым в текущей исходной кодировке (кодовая страница 65001).
C:\Users\alexp\Desktop\Тутуева\QRCode\QRCode\Bits.h(1,1): warning C4828: Файл содержит знак, начинающийся со смещения 0x41e, который является недопустимым в текущей исходной кодировке (кодовая страница 65001).
C:\Users\alexp\Desktop\Тутуева\QRCode\QRCode\Bits.h(1,1): warning C4828: Файл содержит знак, начинающийся со смещения 0x439, который является недопустимым в текущей исходной кодировке (кодовая страница 65001).
C:\Users\alexp\Desktop\Тутуева\QRCode\QRCode\Bits.h(1,1): warning C4828: Файл содержит знак, начинающийся со смещения 0x43d, который является недопустимым в текущей исходной кодировке (кодовая страница 65001).
C:\Users\alexp\Desktop\Тутуева\QRCode\QRCode\Bits.h(1,1): warning C4828: Файл содержит знак, начинающийся со смещения 0x440, который является недопустимым в текущей исходной кодировке (кодовая страница 65001).
C:\Users\alexp\Desktop\Тутуева\QRCode\QRCode\Bits.h(1,1): warning C4828: Файл содержит знак, начинающийся со смещения 0x443, который является недопустимым в текущей исходной кодировке (кодовая страница 65001).
C:\Users\alexp\Desktop\Тутуева\QRCode\QRCode\Bits.h(1,1): warning C4828: Файл содержит знак, начинающийся со смещения 0x446, который является недопустимым в текущей исходной кодировке (кодовая страница 65001).
C:\Users\alexp\Desktop\Тутуева\QRCode\QRCode\Bits.h(1,1): warning C4828: Файл содержит знак, начинающийся со смещения 0x44a, который является недопустимым в текущей исходной кодировке (кодовая страница 65001).
C:\Users\alexp\Desktop\Тутуева\QRCode\QRCode\Bits.h(1,1): warning C4828: Файл содержит знак, начинающийся со смещения 0x44d, который является недопустимым в текущей исходной кодировке (кодовая страница 65001).
C:\Users\alexp\Desktop\Тутуева\QRCode\QRCode\Bits.h(1,1): warning C4828: Файл содержит знак, начинающийся со смещения 0x450, который является недопустимым в текущей исходной кодировке (кодовая страница 65001).
C:\Users\alexp\Desktop\Тутуева\QRCode\QRCode\Bits.h(1,1): warning C4828: Файл содержит знак, начинающийся со смещения 0x453, который является недопустимым в текущей исходной кодировке (кодовая страница 65001).
C:\Users\alexp\Desktop\Тутуева\QRCode\QRCode\Bits.h(1,1): warning C4828: Файл содержит знак, начинающийся со смещения 0x456, который является недопустимым в текущей исходной кодировке (кодовая страница 65001).
C:\Users\alexp\Desktop\Тутуева\QRCode\QRCode\Bits.h(1,1): warning C4828: Файл содержит знак, начинающийся со смещения 0x459, который является недопустимым в текущей исходной кодировке (кодовая страница 65001).
C:\Users\alexp\Desktop\Тутуева\QRCode\QRCode\Bits.h(1,1): warning C4828: Файл содержит знак, начинающийся со смещения 0x470, который является недопустимым в текущей исходной кодировке (кодовая страница 65001).
C:\Users\alexp\Desktop\Тутуева\QRCode\QRCode\Bits.h(1,1): warning C4828: Файл содержит знак, начинающийся со смещения 0x473, который является недопустимым в текущей исходной кодировке (кодовая страница 65001).
C:\Users\alexp\Desktop\Тутуева\QRCode\QRCode\Bits.h(1,1): warning C4828: Файл содержит знак, начинающийся со смещения 0x476, который является недопустимым в текущей исходной кодировке (кодовая страница 65001).
C:\Users\alexp\Desktop\Тутуева\QRCode\QRCode\Bits.h(1,1): warning C4828: Файл содержит знак, начинающийся со смещения 0x479, который является недопустимым в текущей исходной кодировке (кодовая страница 65001).
C:\Users\alexp\Desktop\Тутуева\QRCode\QRCode\QRCode.cpp(10,38): warning C4326: возвращаемый тип "main" должен быть "int", а не "void"
LINK : fatal error LNK1181: не удается открыть входной файл "C:\Program Files (x86)\ImageMagick-7.0.10-Q16\lib\CORE_RL_Magick++_.lib"
